<?xml version="1.0" encoding="UTF-8"?>
<!-- Generated by org.testng.reporters.JUnitXMLReporter -->
<testsuite ignored="0" hostname="DESKTOP-OKTJI84" failures="0" tests="4" name="Default test" time="2.61" errors="0" timestamp="2024-12-14T16:58:35 EET">
  <testcase classname="Almosafer" name="TheLanguageisEnglish" time="0.03"/>
  <testcase classname="Almosafer" name="TheCurrency" time="0.033"/>
  <testcase classname="Almosafer" name="TheContactNumber" time="0.021"/>
  <testcase classname="Almosafer" name="TheFooter" time="0.025"/>
</testsuite> <!-- Default test -->
