<?xml version="1.0" encoding="UTF-8"?>
<!-- Generated by org.testng.reporters.JUnitXMLReporter -->
<testsuite ignored="0" hostname="DESKTOP-OKTJI84" failures="0" tests="8" name="Default test" time="4.064" errors="0" timestamp="2024-12-24T21:40:57 EET">
  <testcase classname="Almosafer" name="TheLanguageisEnglish" time="0.027"/>
  <testcase classname="Almosafer" name="TheCurrency" time="0.029"/>
  <testcase classname="Almosafer" name="TheContactNumber" time="0.022"/>
  <testcase classname="Almosafer" name="TheFooter" time="0.025"/>
  <testcase classname="Almosafer" name="HotelTap" time="0.022"/>
  <testcase classname="Almosafer" name="CheckDepartureDate" time="0.032"/>
  <testcase classname="Almosafer" name="CheckReturnDate" time="0.016"/>
  <testcase classname="Almosafer" name="Randomly" time="0.703"/>
</testsuite> <!-- Default test -->
